[Thu Mar 26 19:04:04 2026] PHP 8.2.12 Development Server (http://localhost:8000) started
[Thu Mar 26 19:04:09 2026] [::1]:51609 Accepted
[Thu Mar 26 19:04:09 2026] [::1]:51609 Closed without sending a request; it was probably just an unused speculative preconnection
[Thu Mar 26 19:04:09 2026] [::1]:51609 Closing
[Thu Mar 26 19:08:18 2026] [::1]:63158 Accepted
[Thu Mar 26 19:08:18 2026] [::1]:63158 [200]: OPTIONS /graphql
[Thu Mar 26 19:08:18 2026] [::1]:63158 Closing
[Thu Mar 26 19:08:18 2026] [::1]:63037 Accepted
[Thu Mar 26 19:08:22 2026] [::1]:63037 [500]: POST /graphql
[Thu Mar 26 19:08:22 2026] [::1]:63037 Closing
[Thu Mar 26 19:08:30 2026] [::1]:64444 Accepted
[Thu Mar 26 19:08:30 2026] [::1]:64444 [200]: OPTIONS /graphql
[Thu Mar 26 19:08:30 2026] [::1]:64444 Closing
[Thu Mar 26 19:08:30 2026] [::1]:55805 Accepted
[Thu Mar 26 19:08:35 2026] [::1]:55805 [500]: POST /graphql
[Thu Mar 26 19:08:35 2026] [::1]:55805 Closing
[Thu Mar 26 19:09:03 2026] [::1]:57337 Accepted
[Thu Mar 26 19:09:03 2026] [::1]:57337 [200]: POST /graphql
[Thu Mar 26 19:09:03 2026] [::1]:57337 Closing
[Thu Mar 26 19:09:28 2026] [::1]:57361 Accepted
[Thu Mar 26 19:09:32 2026] [::1]:57361 [500]: POST /graphql
[Thu Mar 26 19:09:32 2026] [::1]:57361 Closing
[Thu Mar 26 19:12:41 2026] [::1]:60370 Accepted
[Thu Mar 26 19:12:42 2026] [::1]:60370 [200]: POST /graphql
[Thu Mar 26 19:12:42 2026] [::1]:60370 Closing
[Thu Mar 26 19:13:52 2026] [::1]:52970 Accepted
[Thu Mar 26 19:13:52 2026] [::1]:52970 [200]: OPTIONS /graphql
[Thu Mar 26 19:13:52 2026] [::1]:52970 Closing
[Thu Mar 26 19:13:52 2026] [::1]:64156 Accepted
[Thu Mar 26 19:13:52 2026] [::1]:64156 [200]: POST /graphql
[Thu Mar 26 19:13:52 2026] [::1]:64156 Closing
[Thu Mar 26 19:13:54 2026] [::1]:53141 Accepted
[Thu Mar 26 19:13:54 2026] [::1]:53141 [200]: POST /graphql
[Thu Mar 26 19:13:54 2026] [::1]:53141 Closing
[Thu Mar 26 19:14:07 2026] [::1]:59499 Accepted
[Thu Mar 26 19:14:07 2026] [::1]:59499 [200]: OPTIONS /graphql
[Thu Mar 26 19:14:07 2026] [::1]:59499 Closing
[Thu Mar 26 19:14:07 2026] [::1]:62139 Accepted
[Thu Mar 26 19:14:07 2026] [::1]:62139 [200]: POST /graphql
[Thu Mar 26 19:14:07 2026] [::1]:62139 Closing
[Thu Mar 26 19:14:08 2026] [::1]:60797 Accepted
[Thu Mar 26 19:14:09 2026] [::1]:60797 [200]: POST /graphql
[Thu Mar 26 19:14:09 2026] [::1]:60797 Closing
[Thu Mar 26 19:19:24 2026] [::1]:61877 Accepted
[Thu Mar 26 19:19:24 2026] [::1]:61877 [200]: OPTIONS /graphql
[Thu Mar 26 19:19:24 2026] [::1]:61877 Closing
[Thu Mar 26 19:19:24 2026] [::1]:64723 Accepted
[Thu Mar 26 19:19:24 2026] [::1]:64723 [200]: POST /graphql
[Thu Mar 26 19:19:24 2026] [::1]:64723 Closing
